This is pdfTeX, Version 3.141592653-2.6-1.40.24 (MiKTeX 22.3) (preloaded format=latex 2022.4.12)  23 APR 2022 02:30
entering extended mode
 restricted \write18 enabled.
 %&-line parsing enabled.
**./templateBBOBarticle.tex
(templateBBOBarticle.tex
LaTeX2e <2021-11-15> patch level 1
L3 programming layer <2022-02-24> (sig-alternate.cls
(C:\Users\zxtan\AppData\Local\Programs\MiKTeX\tex/latex/graphics\epsfig.sty
Package: epsfig 2017/06/25 v1.7b (e)psfig emulation (SPQR)

(C:\Users\zxtan\AppData\Local\Programs\MiKTeX\tex/latex/graphics\graphicx.sty
Package: graphicx 2021/09/16 v1.2d Enhanced LaTeX Graphics (DPC,SPQR)

(C:\Users\zxtan\AppData\Local\Programs\MiKTeX\tex/latex/graphics\keyval.sty
Package: keyval 2014/10/28 v1.15 key=value parser (DPC)
\KV@toks@=\toks16
)
(C:\Users\zxtan\AppData\Local\Programs\MiKTeX\tex/latex/graphics\graphics.sty
Package: graphics 2021/03/04 v1.4d Standard LaTeX Graphics (DPC,SPQR)

(C:\Users\zxtan\AppData\Local\Programs\MiKTeX\tex/latex/graphics\trig.sty
Package: trig 2021/08/11 v1.11 sin cos tan (DPC)
)
(C:\Users\zxtan\AppData\Local\Programs\MiKTeX\tex/latex/graphics-cfg\graphics.c
fg
File: graphics.cfg 2016/06/04 v1.11 sample graphics configuration
)
Package graphics Info: Driver file: dvips.def on input line 107.

(C:\Users\zxtan\AppData\Local\Programs\MiKTeX\tex/latex/graphics-def\dvips.def
File: dvips.def 2017/06/20 v3.1d Graphics/color driver for dvips
))
\Gin@req@height=\dimen138
\Gin@req@width=\dimen139
)
\epsfxsize=\dimen140
\epsfysize=\dimen141
)
(C:\Users\zxtan\AppData\Local\Programs\MiKTeX\tex/latex/amsfonts\amssymb.sty
Package: amssymb 2013/01/14 v3.01 AMS font symbols

(C:\Users\zxtan\AppData\Local\Programs\MiKTeX\tex/latex/amsfonts\amsfonts.sty
Package: amsfonts 2013/01/14 v3.01 Basic AMSFonts support
\@emptytoks=\toks17
\symAMSa=\mathgroup4
\symAMSb=\mathgroup5
LaTeX Font Info:    Redeclaring math symbol \hbar on input line 98.
LaTeX Font Info:    Overwriting math alphabet `\mathfrak' in version `bold'
(Font)                  U/euf/m/n --> U/euf/b/n on input line 106.
)) (C:\Users\zxtan\AppData\Local\Programs\MiKTeX\tex/latex/amsmath\amsmath.sty
Package: amsmath 2021/10/15 v2.17l AMS math features
\@mathmargin=\skip47

For additional information on amsmath, use the `?' option.
(C:\Users\zxtan\AppData\Local\Programs\MiKTeX\tex/latex/amsmath\amstext.sty
Package: amstext 2021/08/26 v2.01 AMS text

(C:\Users\zxtan\AppData\Local\Programs\MiKTeX\tex/latex/amsmath\amsgen.sty
File: amsgen.sty 1999/11/30 v2.0 generic functions
\@emptytoks=\toks18
\ex@=\dimen142
))
(C:\Users\zxtan\AppData\Local\Programs\MiKTeX\tex/latex/amsmath\amsbsy.sty
Package: amsbsy 1999/11/29 v1.2d Bold Symbols
\pmbraise@=\dimen143
)
(C:\Users\zxtan\AppData\Local\Programs\MiKTeX\tex/latex/amsmath\amsopn.sty
Package: amsopn 2021/08/26 v2.02 operator names
)
\inf@bad=\count185
LaTeX Info: Redefining \frac on input line 234.
\uproot@=\count186
\leftroot@=\count187
LaTeX Info: Redefining \overline on input line 399.
\classnum@=\count188
\DOTSCASE@=\count189
LaTeX Info: Redefining \ldots on input line 496.
LaTeX Info: Redefining \dots on input line 499.
LaTeX Info: Redefining \cdots on input line 620.
\Mathstrutbox@=\box50
\strutbox@=\box51
\big@size=\dimen144
LaTeX Font Info:    Redeclaring font encoding OML on input line 743.
LaTeX Font Info:    Redeclaring font encoding OMS on input line 744.
\macc@depth=\count190
\c@MaxMatrixCols=\count191
\dotsspace@=\muskip16
\c@parentequation=\count192
\dspbrk@lvl=\count193
\tag@help=\toks19
\row@=\count194
\column@=\count195
\maxfields@=\count196
\andhelp@=\toks20
\eqnshift@=\dimen145
\alignsep@=\dimen146
\tagshift@=\dimen147
\tagwidth@=\dimen148
\totwidth@=\dimen149
\lineht@=\dimen150
\@envbody=\toks21
\multlinegap=\skip48
\multlinetaggap=\skip49
\mathdisplay@stack=\toks22
LaTeX Info: Redefining \[ on input line 2938.
LaTeX Info: Redefining \] on input line 2939.
)
Document Class 'sig-alternate' <22nd. April '09>. Modified by G.K.M. Tobin/Gerr
y Murray
Based in part upon document Style `acmconf' <22 May 89>. Hacked 4/91 by
shivers@cs.cmu.edu, 4/93 by theobald@cs.mcgill.ca
Excerpts were taken from (Journal Style) 'esub2acm.cls'.
****** Bugs/comments/suggestions/technicalities to Gerry Murray -- murray@hq.ac
m.org ******
Questions on the style, SIGS policies, etc. to Adrienne Griscti griscti@acm.org

\footheight=\dimen151
\@maxsep=\dimen152
\@dblmaxsep=\dimen153
\aucount=\count197
\originalaucount=\count198
\auwidth=\dimen154
\auskip=\dimen155
\auskipcount=\count199
\auskip=\dimen156
\allauboxes=\dimen157
\addauthors=\toks23
\addauflag=\count266
\subtitletext=\toks24
\savesection=\count267
\sectioncntr=\count268
\c@figure=\count269
\c@table=\count270
\titleboxnotes=\toks25
\titleboxnoteflag=\count271
Document Class: sig-alternate 2009/04/22 - V2.4 - based on acmproc.cls V1.3 <No
v. 30 '99>
(C:\Users\zxtan\AppData\Local\Programs\MiKTeX\tex/latex/base\latexsym.sty
Package: latexsym 1998/08/17 v2.2e Standard LaTeX package (lasy symbols)
\symlasy=\mathgroup6
LaTeX Font Info:    Overwriting symbol font `lasy' in version `bold'
(Font)                  U/lasy/m/n --> U/lasy/b/n on input line 52.
)
\@acmtitlebox=\box52
\titlenotecount=\count272
\tntoks=\toks26
\tntokstwo=\toks27
\tntoksthree=\toks28
\tntoksfour=\toks29
\tntoksfive=\toks30
\catcount=\count273
\copyrightnotice=\toks31
\conf=\toks32
\confinfo=\toks33
\c@part=\count274
\c@section=\count275
\c@subsection=\count276
\c@subsubsection=\count277
\c@paragraph=\count278

Using 'Abbrev' bibliography style
LaTeX Info: Redefining \cite on input line 1211.
\bibindent=\dimen158
\colcntr=\count279
\saveb@x=\box53
\copyrtyr=\toks34
\acmcopyr=\toks35
\boilerplate=\toks36
\copyrightetc=\toks37
(C:\Users\zxtan\AppData\Local\Programs\MiKTeX\tex/latex/base\fontenc.sty
Package: fontenc 2021/04/29 v2.0v Standard LaTeX package
))
(C:\Users\zxtan\AppData\Local\Programs\MiKTeX\tex/latex/graphics\rotating.sty
Package: rotating 2016/08/11 v2.16d rotated objects in LaTeX

(C:\Users\zxtan\AppData\Local\Programs\MiKTeX\tex/latex/base\ifthen.sty
Package: ifthen 2020/11/24 v1.1c Standard LaTeX ifthen package (DPC)
)
\c@r@tfl@t=\count280
\rotFPtop=\skip50
\rotFPbot=\skip51
\rot@float@box=\box54
\rot@mess@toks=\toks38
)
LaTeX Font Info:    Trying to load font information for T1+aer on input line 64
.

(C:\Users\zxtan\AppData\Local\Programs\MiKTeX\tex/latex/ae\t1aer.fd
File: t1aer.fd 1997/11/16 Font definitions for T1/aer.
)
(C:\Users\zxtan\AppData\Local\Programs\MiKTeX\tex/latex/l3backend\l3backend-dvi
ps.def
File: l3backend-dvips.def 2022-02-07 L3 backend support: dvips
\l__pdf_internal_box=\box55
\g__pdf_backend_object_int=\count281
\l__pdf_backend_content_box=\box56
\l__pdf_backend_model_box=\box57
\g__pdf_backend_annotation_int=\count282
\g__pdf_backend_link_int=\count283
\g__pdf_backend_link_sf_int=\count284
) (templateBBOBarticle.aux)
\openout1 = `templateBBOBarticle.aux'.

LaTeX Font Info:    Checking defaults for OML/cmm/m/it on input line 64.
LaTeX Font Info:    ... okay on input line 64.
LaTeX Font Info:    Checking defaults for OMS/cmsy/m/n on input line 64.
LaTeX Font Info:    ... okay on input line 64.
LaTeX Font Info:    Checking defaults for OT1/cmr/m/n on input line 64.
LaTeX Font Info:    ... okay on input line 64.
LaTeX Font Info:    Checking defaults for T1/cmr/m/n on input line 64.
LaTeX Font Info:    ... okay on input line 64.
LaTeX Font Info:    Checking defaults for TS1/cmr/m/n on input line 64.
LaTeX Font Info:    ... okay on input line 64.
LaTeX Font Info:    Checking defaults for OMX/cmex/m/n on input line 64.
LaTeX Font Info:    ... okay on input line 64.
LaTeX Font Info:    Checking defaults for U/cmr/m/n on input line 64.
LaTeX Font Info:    ... okay on input line 64.
LaTeX Font Info:    Trying to load font information for U+msa on input line 176
.

(C:\Users\zxtan\AppData\Local\Programs\MiKTeX\tex/latex/amsfonts\umsa.fd
File: umsa.fd 2013/01/14 v3.01 AMS symbols A
)
LaTeX Font Info:    Trying to load font information for U+msb on input line 176
.

(C:\Users\zxtan\AppData\Local\Programs\MiKTeX\tex/latex/amsfonts\umsb.fd
File: umsb.fd 2013/01/14 v3.01 AMS symbols B
)
LaTeX Font Info:    Trying to load font information for U+lasy on input line 17
6.

(C:\Users\zxtan\AppData\Local\Programs\MiKTeX\tex/latex/base\ulasy.fd
File: ulasy.fd 1998/08/17 v2.2e LaTeX symbol font definitions
)
File: ppdata/ppdata_f1.eps Graphic file (type eps)

<ppdata/ppdata_f1.eps>
File: ppdata/ppdata_f2.eps Graphic file (type eps)
 <ppdata/ppdata_f2.eps>
File: ppdata/ppdata_f3.eps Graphic file (type eps)
 <ppdata/ppdata_f3.eps>
File: ppdata/ppdata_f4.eps Graphic file (type eps)

<ppdata/ppdata_f4.eps>
File: ppdata/ppdata_f5.eps Graphic file (type eps)
 <ppdata/ppdata_f5.eps>
File: ppdata/ppdata_f6.eps Graphic file (type eps)
 <ppdata/ppdata_f6.eps>
File: ppdata/ppdata_f7.eps Graphic file (type eps)

<ppdata/ppdata_f7.eps>
File: ppdata/ppdata_f8.eps Graphic file (type eps)
 <ppdata/ppdata_f8.eps>
File: ppdata/ppdata_f9.eps Graphic file (type eps)
 <ppdata/ppdata_f9.eps>
File: ppdata/ppdata_f10.eps Graphic file (type eps)

<ppdata/ppdata_f10.eps>
File: ppdata/ppdata_f11.eps Graphic file (type eps)
 <ppdata/ppdata_f11.eps>
File: ppdata/ppdata_f12.eps Graphic file (type eps)
 <ppdata/ppdata_f12.eps>
File: ppdata/ppdata_f13.eps Graphic file (type eps)

<ppdata/ppdata_f13.eps>
File: ppdata/ppdata_f14.eps Graphic file (type eps)
 <ppdata/ppdata_f14.eps>
File: ppdata/ppdata_f15.eps Graphic file (type eps)
 <ppdata/ppdata_f15.eps>
File: ppdata/ppdata_f16.eps Graphic file (type eps)

<ppdata/ppdata_f16.eps>
File: ppdata/ppdata_f17.eps Graphic file (type eps)
 <ppdata/ppdata_f17.eps>
File: ppdata/ppdata_f18.eps Graphic file (type eps)
 <ppdata/ppdata_f18.eps>
File: ppdata/ppdata_f19.eps Graphic file (type eps)

<ppdata/ppdata_f19.eps>
File: ppdata/ppdata_f20.eps Graphic file (type eps)
 <ppdata/ppdata_f20.eps>
File: ppdata/ppdata_f21.eps Graphic file (type eps)
 <ppdata/ppdata_f21.eps>
File: ppdata/ppdata_f22.eps Graphic file (type eps)

<ppdata/ppdata_f22.eps>
File: ppdata/ppdata_f23.eps Graphic file (type eps)
 <ppdata/ppdata_f23.eps>
File: ppdata/ppdata_f24.eps Graphic file (type eps)
 <ppdata/ppdata_f24.eps>
Overfull \hbox (9.3081pt too wide) in paragraph at lines 207--255
[][]
 []


LaTeX Warning: Float too large for page by 3.04372pt on input line 256.

(ppdata/ppdata_f1.tex
LaTeX Font Info:    Font shape `T1/aer/b/it' in size <5> not available
(Font)              Font shape `T1/aer/bx/it' tried instead on input line 3.
) (ppdata/ppdata_f2.tex) (ppdata/ppdata_f3.tex)
(ppdata/ppdata_f4.tex) (ppdata/ppdata_f5.tex) (ppdata/ppdata_f6.tex)
(ppdata/ppdata_f7.tex) (ppdata/ppdata_f8.tex) (ppdata/ppdata_f9.tex)
(ppdata/ppdata_f10.tex) (ppdata/ppdata_f11.tex) (ppdata/ppdata_f12.tex)
(ppdata/ppdata_f13.tex) (ppdata/ppdata_f14.tex) (ppdata/ppdata_f15.tex)
(ppdata/ppdata_f16.tex) (ppdata/ppdata_f17.tex) (ppdata/ppdata_f18.tex)
(ppdata/ppdata_f19.tex) (ppdata/ppdata_f20.tex) (ppdata/ppdata_f21.tex)
(ppdata/ppdata_f22.tex) (ppdata/ppdata_f23.tex) (ppdata/ppdata_f24.tex)
LaTeX Font Info:    Font shape `T1/aer/b/it' in size <9> not available
(Font)              Font shape `T1/aer/bx/it' tried instead on input line 309.
File: ppdata/pprldistr_dim05noiselessall.eps Graphic file (type eps)

<ppdata/pprldistr_dim05noiselessall.eps>
File: ppdata/ppfvdistr_dim05noiselessall.eps Graphic file (type eps)

<ppdata/ppfvdistr_dim05noiselessall.eps>
File: ppdata/pprldistr_dim20noiselessall.eps Graphic file (type eps)

<ppdata/pprldistr_dim20noiselessall.eps>
File: ppdata/ppfvdistr_dim20noiselessall.eps Graphic file (type eps)

<ppdata/ppfvdistr_dim20noiselessall.eps>
File: ppdata/pprldistr_dim05separ.eps Graphic file (type eps)
 <ppdata/pprldistr_dim05separ.eps>
File: ppdata/ppfvdistr_dim05separ.eps Graphic file (type eps)

<ppdata/ppfvdistr_dim05separ.eps>
File: ppdata/pprldistr_dim20separ.eps Graphic file (type eps)
 <ppdata/pprldistr_dim20separ.eps>
File: ppdata/ppfvdistr_dim20separ.eps Graphic file (type eps)

<ppdata/ppfvdistr_dim20separ.eps>
File: ppdata/pprldistr_dim05lcond.eps Graphic file (type eps)
 <ppdata/pprldistr_dim05lcond.eps>
File: ppdata/ppfvdistr_dim05lcond.eps Graphic file (type eps)

<ppdata/ppfvdistr_dim05lcond.eps>
File: ppdata/pprldistr_dim20lcond.eps Graphic file (type eps)
 <ppdata/pprldistr_dim20lcond.eps>
File: ppdata/ppfvdistr_dim20lcond.eps Graphic file (type eps)

<ppdata/ppfvdistr_dim20lcond.eps>
File: ppdata/pprldistr_dim05hcond.eps Graphic file (type eps)
 <ppdata/pprldistr_dim05hcond.eps>
File: ppdata/ppfvdistr_dim05hcond.eps Graphic file (type eps)

<ppdata/ppfvdistr_dim05hcond.eps>
File: ppdata/pprldistr_dim20hcond.eps Graphic file (type eps)
 <ppdata/pprldistr_dim20hcond.eps>
File: ppdata/ppfvdistr_dim20hcond.eps Graphic file (type eps)

<ppdata/ppfvdistr_dim20hcond.eps>
File: ppdata/pprldistr_dim05multi.eps Graphic file (type eps)
 <ppdata/pprldistr_dim05multi.eps>
File: ppdata/ppfvdistr_dim05multi.eps Graphic file (type eps)

<ppdata/ppfvdistr_dim05multi.eps>
File: ppdata/pprldistr_dim20multi.eps Graphic file (type eps)
 <ppdata/pprldistr_dim20multi.eps>
File: ppdata/ppfvdistr_dim20multi.eps Graphic file (type eps)

<ppdata/ppfvdistr_dim20multi.eps>
File: ppdata/pprldistr_dim05mult2.eps Graphic file (type eps)
 <ppdata/pprldistr_dim05mult2.eps>
File: ppdata/ppfvdistr_dim05mult2.eps Graphic file (type eps)

<ppdata/ppfvdistr_dim05mult2.eps>
File: ppdata/pprldistr_dim20mult2.eps Graphic file (type eps)
 <ppdata/pprldistr_dim20mult2.eps>
File: ppdata/ppfvdistr_dim20mult2.eps Graphic file (type eps)

<ppdata/ppfvdistr_dim20mult2.eps>
Overfull \hbox (4.52336pt too wide) in paragraph at lines 319--368
[][] 
 []

LaTeX Font Info:    Trying to load font information for T1+aess on input line 3
68.
(C:\Users\zxtan\AppData\Local\Programs\MiKTeX\tex/latex/ae\t1aess.fd
File: t1aess.fd 1997/11/16 Font definitions for T1/aess.
)
LaTeX Font Info:    Font shape `T1/aess/b/n' in size <9> not available
(Font)              Font shape `T1/aess/bx/n' tried instead on input line 368.
File: ppdata/pplogloss_dim05noiselessall.eps Graphic file (type eps)

<ppdata/pplogloss_dim05noiselessall.eps>
File: ppdata/pplogloss_dim20noiselessall.eps Graphic file (type eps)

<ppdata/pplogloss_dim20noiselessall.eps>
File: ppdata/pplogloss_dim05separ.eps Graphic file (type eps)
 <ppdata/pplogloss_dim05separ.eps>
File: ppdata/pplogloss_dim20separ.eps Graphic file (type eps)

<ppdata/pplogloss_dim20separ.eps>
File: ppdata/pplogloss_dim05lcond.eps Graphic file (type eps)
 <ppdata/pplogloss_dim05lcond.eps>
File: ppdata/pplogloss_dim20lcond.eps Graphic file (type eps)

<ppdata/pplogloss_dim20lcond.eps>
File: ppdata/pplogloss_dim05hcond.eps Graphic file (type eps)
 <ppdata/pplogloss_dim05hcond.eps>
File: ppdata/pplogloss_dim20hcond.eps Graphic file (type eps)

<ppdata/pplogloss_dim20hcond.eps>
File: ppdata/pplogloss_dim05multi.eps Graphic file (type eps)
 <ppdata/pplogloss_dim05multi.eps>
File: ppdata/pplogloss_dim20multi.eps Graphic file (type eps)

<ppdata/pplogloss_dim20multi.eps>
File: ppdata/pplogloss_dim05mult2.eps Graphic file (type eps)
 <ppdata/pplogloss_dim05mult2.eps>
File: ppdata/pplogloss_dim20mult2.eps Graphic file (type eps)

<ppdata/pplogloss_dim20mult2.eps>
Overfull \hbox (8.5465pt too wide) in paragraph at lines 374--417
[][] 
 []

(ppdata/pploglosstable_dim05noiselessall.tex)
(ppdata/pploglosstable_dim20noiselessall.tex) (templateBBOBarticle.bbl)
[1



] [2] [3] [4] [5] (templateBBOBarticle.aux) ) 
Here is how much of TeX's memory you used:
 3234 strings out of 478583
 55422 string characters out of 2844370
 680516 words of memory out of 3000000
 21335 multiletter control sequences out of 15000+600000
 523374 words of font info for 89 fonts, out of 8000000 for 9000
 1141 hyphenation exceptions out of 8191
 85i,13n,90p,1633b,382s stack positions out of 10000i,1000n,20000p,200000b,80000s

Output written on templateBBOBarticle.dvi (5 pages, 58796 bytes).
